PriceChecker/app/build/outputs/logs/manifest-merger-debug-report.txt
-- Merging decision tree log ---
manifest
ADDED from src/main/AndroidManifest.xml:3:1-42:12
	package
		ADDED from src/main/AndroidManifest.xml:4:5-35
		INJECTED from src/main/AndroidManifest.xml
		INJECTED from src/main/AndroidManifest.xml
	android:versionName
		ADDED from src/main/AndroidManifest.xml:6:5-30
		INJECTED from src/main/AndroidManifest.xml
		INJECTED from src/main/AndroidManifest.xml
	android:versionCode
		ADDED from src/main/AndroidManifest.xml:5:5-28
		INJECTED from src/main/AndroidManifest.xml
		INJECTED from src/main/AndroidManifest.xml
	xmlns:android
		ADDED from src/main/AndroidManifest.xml:3:11-69
uses-sdk
ADDED from src/main/AndroidManifest.xml:8:5-10:41
MERGED from [com.android.support:support-v4:23.1.1] AndroidManifest.xml:20:5-43
MERGED from [com.journeyapps:zxing-android-embedded:2.0.1] AndroidManifest.xml:19:5-21:41
MERGED from [com.journeyapps:zxing-android-legacy:2.0.1] AndroidManifest.xml:20:5-22:41
MERGED from [com.journeyapps:zxing-android-integration:2.0.1] AndroidManifest.xml:5:5-7:41
MERGED from [me.dm7.barcodescanner:zxing:1.8.4] AndroidManifest.xml:7:5-9:41
MERGED from [me.dm7.barcodescanner:core:1.8.4] AndroidManifest.xml:7:5-9:41
MERGED from [com.android.support:support-v4:23.1.1] AndroidManifest.xml:20:5-43
	android:targetSdkVersion
		ADDED from src/main/AndroidManifest.xml:10:9-38
		INJECTED from src/main/AndroidManifest.xml
		INJECTED from src/main/AndroidManifest.xml
	android:minSdkVersion
		ADDED from src/main/AndroidManifest.xml:9:9-35
		INJECTED from src/main/AndroidManifest.xml
		INJECTED from src/main/AndroidManifest.xml
uses-permission#android.permission.CAMERA
ADDED from src/main/AndroidManifest.xml:13:5-65
MERGED from [com.journeyapps:zxing-android-embedded:2.0.1] AndroidManifest.xml:23:5-65
MERGED from [com.journeyapps:zxing-android-legacy:2.0.1] AndroidManifest.xml:24:5-65
	android:name
		ADDED from src/main/AndroidManifest.xml:13:22-62
uses-feature#android.hardware.myCamera.flash
ADDED from src/main/AndroidManifest.xml:15:5-68
MERGED from [com.journeyapps:zxing-android-embedded:2.0.1] AndroidManifest.xml:39:5-41:36
MERGED from [com.journeyapps:zxing-android-legacy:2.0.1] AndroidManifest.xml:40:5-42:36
	android:name
		ADDED from src/main/AndroidManifest.xml:15:19-65
uses-feature#android.hardware.myCamera
ADDED from src/main/AndroidManifest.xml:16:5-62
MERGED from [com.journeyapps:zxing-android-embedded:2.0.1] AndroidManifest.xml:28:5-30:36
MERGED from [com.journeyapps:zxing-android-legacy:2.0.1] AndroidManifest.xml:29:5-31:36
	android:name
		ADDED from src/main/AndroidManifest.xml:16:19-59
uses-feature#android.hardware.myCamera.autofocus
ADDED from src/main/AndroidManifest.xml:17:5-72
MERGED from [com.journeyapps:zxing-android-embedded:2.0.1] AndroidManifest.xml:36:5-38:36
MERGED from [com.journeyapps:zxing-android-legacy:2.0.1] AndroidManifest.xml:37:5-39:36
	android:name
		ADDED from src/main/AndroidManifest.xml:17:19-69
application
ADDED from src/main/AndroidManifest.xml:19:5-40:19
MERGED from [com.android.support:support-v4:23.1.1] AndroidManifest.xml:22:5-20
MERGED from [com.journeyapps:zxing-android-embedded:2.0.1] AndroidManifest.xml:59:5-75:19
MERGED from [com.journeyapps:zxing-android-legacy:2.0.1] AndroidManifest.xml:60:5-75:19
MERGED from [com.journeyapps:zxing-android-integration:2.0.1] AndroidManifest.xml:9:5-10:19
MERGED from [me.dm7.barcodescanner:zxing:1.8.4] AndroidManifest.xml:11:5-20
MERGED from [me.dm7.barcodescanner:core:1.8.4] AndroidManifest.xml:11:5-20
MERGED from [com.android.support:support-v4:23.1.1] AndroidManifest.xml:22:5-20
	android:label
		ADDED from src/main/AndroidManifest.xml:22:9-41
	android:allowBackup
		ADDED from src/main/AndroidManifest.xml:20:9-35
	android:icon
		ADDED from src/main/AndroidManifest.xml:21:9-39
	android:theme
		ADDED from src/main/AndroidManifest.xml:23:9-40
activity#controller.MainActivity
ADDED from src/main/AndroidManifest.xml:24:9-35:20
	android:screenOrientation
		ADDED from src/main/AndroidManifest.xml:27:13-49
	android:label
		ADDED from src/main/AndroidManifest.xml:26:13-45
	android:name
		ADDED from src/main/AndroidManifest.xml:25:13-51
intent-filter#android.intent.action.MAIN+android.intent.category.LAUNCHER
ADDED from src/main/AndroidManifest.xml:28:13-34:29
action#android.intent.action.MAIN
ADDED from src/main/AndroidManifest.xml:31:17-69
	android:name
		ADDED from src/main/AndroidManifest.xml:31:25-66
category#android.intent.category.LAUNCHER
ADDED from src/main/AndroidManifest.xml:33:17-77
	android:name
		ADDED from src/main/AndroidManifest.xml:33:27-74
activity#controller.SlidingMenu
ADDED from src/main/AndroidManifest.xml:36:9-39:20
	android:label
		ADDED from src/main/AndroidManifest.xml:38:13-64
	android:name
		ADDED from src/main/AndroidManifest.xml:37:13-50
uses-permission#android.permission.VIBRATE
ADDED from [com.journeyapps:zxing-android-embedded:2.0.1] AndroidManifest.xml:24:5-66
MERGED from [com.journeyapps:zxing-android-legacy:2.0.1] AndroidManifest.xml:25:5-66
	android:name
		ADDED from [com.journeyapps:zxing-android-embedded:2.0.1] AndroidManifest.xml:24:22-63
uses-permission#android.permission.FLASHLIGHT
ADDED from [com.journeyapps:zxing-android-embedded:2.0.1] AndroidManifest.xml:25:5-69
MERGED from [com.journeyapps:zxing-android-legacy:2.0.1] AndroidManifest.xml:26:5-69
	android:name
		ADDED from [com.journeyapps:zxing-android-embedded:2.0.1] AndroidManifest.xml:25:22-66
uses-feature#android.hardware.myCamera.front
ADDED from [com.journeyapps:zxing-android-embedded:2.0.1] AndroidManifest.xml:31:5-33:36
MERGED from [com.journeyapps:zxing-android-legacy:2.0.1] AndroidManifest.xml:32:5-34:36
	android:required
		ADDED from [com.journeyapps:zxing-android-embedded:2.0.1] AndroidManifest.xml:33:9-33
	android:name
		ADDED from [com.journeyapps:zxing-android-embedded:2.0.1] AndroidManifest.xml:32:9-55
uses-feature#android.hardware.screen.landscape
ADDED from [com.journeyapps:zxing-android-embedded:2.0.1] AndroidManifest.xml:42:5-44:36
MERGED from [com.journeyapps:zxing-android-legacy:2.0.1] AndroidManifest.xml:43:5-45:36
	android:required
		ADDED from [com.journeyapps:zxing-android-embedded:2.0.1] AndroidManifest.xml:44:9-33
	android:name
		ADDED from [com.journeyapps:zxing-android-embedded:2.0.1] AndroidManifest.xml:43:9-57
uses-feature#android.hardware.wifi
ADDED from [com.journeyapps:zxing-android-embedded:2.0.1] AndroidManifest.xml:45:5-47:36
MERGED from [com.journeyapps:zxing-android-legacy:2.0.1] AndroidManifest.xml:46:5-48:36
	android:required
		ADDED from [com.journeyapps:zxing-android-embedded:2.0.1] AndroidManifest.xml:47:9-33
	android:name
		ADDED from [com.journeyapps:zxing-android-embedded:2.0.1] AndroidManifest.xml:46:9-45
supports-screens
ADDED from [com.journeyapps:zxing-android-embedded:2.0.1] AndroidManifest.xml:52:5-57:40
MERGED from [com.journeyapps:zxing-android-legacy:2.0.1] AndroidManifest.xml:53:5-58:40
	android:largeScreens
		ADDED from [com.journeyapps:zxing-android-embedded:2.0.1] AndroidManifest.xml:54:9-36
	android:smallScreens
		ADDED from [com.journeyapps:zxing-android-embedded:2.0.1] AndroidManifest.xml:56:9-36
	android:normalScreens
		ADDED from [com.journeyapps:zxing-android-embedded:2.0.1] AndroidManifest.xml:55:9-37
	android:xlargeScreens
		ADDED from [com.journeyapps:zxing-android-embedded:2.0.1] AndroidManifest.xml:57:9-37
	android:anyDensity
		ADDED from [com.journeyapps:zxing-android-embedded:2.0.1] AndroidManifest.xml:53:9-34
activity#com.google.zxing.client.android.CaptureActivity
ADDED from [com.journeyapps:zxing-android-embedded:2.0.1] AndroidManifest.xml:60:9-66:63
	android:clearTaskOnLaunch
		ADDED from [com.journeyapps:zxing-android-embedded:2.0.1] AndroidManifest.xml:62:13-45
	android:screenOrientation
		ADDED from [com.journeyapps:zxing-android-embedded:2.0.1] AndroidManifest.xml:63:13-56
	android:stateNotNeeded
		ADDED from [com.journeyapps:zxing-android-embedded:2.0.1] AndroidManifest.xml:64:13-42
	android:windowSoftInputMode
		ADDED from [com.journeyapps:zxing-android-embedded:2.0.1] AndroidManifest.xml:66:13-60
	android:theme
		ADDED from [com.journeyapps:zxing-android-embedded:2.0.1] AndroidManifest.xml:65:13-54
	android:name
		ADDED from [com.journeyapps:zxing-android-embedded:2.0.1] AndroidManifest.xml:61:13-75
activity#com.google.zxing.client.android.HelpActivity
ADDED from [com.journeyapps:zxing-android-embedded:2.0.1] AndroidManifest.xml:67:9-71:45
	android:screenOrientation
		ADDED from [com.journeyapps:zxing-android-embedded:2.0.1] AndroidManifest.xml:70:13-45
	android:label
		ADDED from [com.journeyapps:zxing-android-embedded:2.0.1] AndroidManifest.xml:69:13-52
	android:stateNotNeeded
		ADDED from [com.journeyapps:zxing-android-embedded:2.0.1] AndroidManifest.xml:71:13-42
	android:name
		ADDED from [com.journeyapps:zxing-android-embedded:2.0.1] AndroidManifest.xml:68:13-72
activity#com.google.zxing.client.android.encode.EncodeActivity
ADDED from [com.journeyapps:zxing-android-embedded:2.0.1] AndroidManifest.xml:72:9-74:48
	android:screenOrientation
		ADDED from [com.journeyapps:zxing-android-embedded:2.0.1] AndroidManifest.xml:74:13-45
	android:name
		ADDED from [com.journeyapps:zxing-android-embedded:2.0.1] AndroidManifest.xml:73:13-81
activity#com.google.zxing.client.androidlegacy.CaptureActivity
ADDED from [com.journeyapps:zxing-android-legacy:2.0.1] AndroidManifest.xml:61:9-68:63
	android:clearTaskOnLaunch
		ADDED from [com.journeyapps:zxing-android-legacy:2.0.1] AndroidManifest.xml:63:13-45
	android:screenOrientation
		ADDED from [com.journeyapps:zxing-android-legacy:2.0.1] AndroidManifest.xml:65:13-50
	android:stateNotNeeded
		ADDED from [com.journeyapps:zxing-android-legacy:2.0.1] AndroidManifest.xml:66:13-42
	android:windowSoftInputMode
		ADDED from [com.journeyapps:zxing-android-legacy:2.0.1] AndroidManifest.xml:68:13-60
	android:configChanges
		ADDED from [com.journeyapps:zxing-android-legacy:2.0.1] AndroidManifest.xml:64:13-63
	android:theme
		ADDED from [com.journeyapps:zxing-android-legacy:2.0.1] AndroidManifest.xml:67:13-71
	android:name
		ADDED from [com.journeyapps:zxing-android-legacy:2.0.1] AndroidManifest.xml:62:13-81
activity#com.google.zxing.client.androidlegacy.HelpActivity
ADDED from [com.journeyapps:zxing-android-legacy:2.0.1] AndroidManifest.xml:69:9-71:48
	android:screenOrientation
		ADDED from [com.journeyapps:zxing-android-legacy:2.0.1] AndroidManifest.xml:71:13-45
	android:name
		ADDED from [com.journeyapps:zxing-android-legacy:2.0.1] AndroidManifest.xml:70:13-78
activity#com.google.zxing.client.androidlegacy.encode.EncodeActivity
ADDED from [com.journeyapps:zxing-android-legacy:2.0.1] AndroidManifest.xml:72:9-74:48
	android:screenOrientation
		ADDED from [com.journeyapps:zxing-android-legacy:2.0.1] AndroidManifest.xml:74:13-45
	android:name
		ADDED from [com.journeyapps:zxing-android-legacy:2.0.1] AndroidManifest.xml:73:13-87